{
    "my_contacts": [
        "Ale  Pucci",
        "Alexandre Muller",
        "Alleoni",
        "Almir",
        "Amaral",
        "Andr\u00e9 Di Nizo",
        "Andr\u00e9 Katz",
        "Anselmi",
        "Arthur Zanetti",
        "Arthuriruri",
        "Artur",
        "Beatriz Mack",
        "Bechara",
        "Borza",
        "Bruna",
        "Bruno",
        "Bruno Nowtek",
        "Caio Bossan",
        "Carioca",
        "Carioca",
        "Carlos Gabriel",
        "Carmen Panetone",
        "Caroline Mack",
        "Ceiko",
        "Claudia Natal",
        "Clinica lucareli",
        "Coxo",
        "Dan Psico",
        "Daniel Meyer",
        "Daniel Pilon",
        "Danilo",
        "Dante Pretti",
        "Dennis Meira",
        "Dennis Meira",
        "DentAll",
        "Douglas Andrade",
        "Dudinha",
        "Edgard Schaffer",
        "Eduarda Rodrigues",
        "Eduardo Russo",
        "Eduardo Russo",
        "Enrico",
        "Enrico Foianesi",
        "\u00c9rico Caminero",
        "Everton",
        "Fabr\u00edcio Rossi",
        "Fabr\u00edcio Rossi",
        "Fabr\u00edcio Rossi",
        "Felipe Brito",
        "Felipe Perozo",
        "Felipe Perozo",
        "Felipe Vizinho",
        "Fernando Lopes Rozanti",
        "Fernando Lopes Rozanti",
        "Fernando Ventura",
        "Filippi Luigi Di Pipi",
        "Filippi Luigi Di Pipi",
        "Gabriel Liba",
        "Gabriel Liba",
        "Gabriela Guerra",
        "Gabrielle Matakas",
        "Gilson",
        "Giovana Krambeck",
        "GT",
        "Guilherme",
        "Guilherme Dias",
        "Guilherme Potiens",
        "Gus Primo Moa",
        "Gusta",
        "Gustavo Beraldo",
        "Gustavo Eiji",
        "Gustavo Fernandes",
        "Gustavo Panicacci",
        "Gutso",
        "Gyori",
        "Ianzinho",
        "Icaro",
        "iFood",
        "Isabela Ata\u00edde",
        "Isabella Spadoni",
        "Japa Mack",
        "Jefferson",
        "Jefferson",
        "Jimmy",
        "Jo\u00e3o Borbo",
        "Jo\u00e3o Mack",
        "Jo\u00e3o Pedro Valesi",
        "Jo\u00e3o Razuk",
        "Jo\u00e3o Vitor Lozano Jeronymo",
        "Joaquim Professor",
        "Johnny",
        "Jos\u00e9 Ot\u00e1vio",
        "Kaka Bearmode",
        "Kaue",
        "Kenzo",
        "Leonardo Baumgartner",
        "Leonardo Hehs",
        "Leonardo Irwin Pra\u00e7a",
        "Let\u00edcia",
        "L\u00edvia Airoldi",
        "Luana",
        "Luana",
        "Lucas Menezes",
        "Lucas Paulosky",
        "Luis",
        "Luiz Eduardo Massao Takara",
        "Luquinhas",
        "Luri Maeda",
        "Luscalone",
        "Makoto",
        "Malvina",
        "Marcos",
        "Marcos",
        "Mari Catita",
        "Mariana Brand\u00e3o",
        "Marina Schultz",
        "Martins",
        "Martins",
        "Matheus Mack",
        "Matheus Sabaneli",
        "Mathias",
        "Matski",
        "Mauricio Azali",
        "Mauricio Azali",
        "Mauricio D'Angelo Fernandes",
        "Michel Borba",
        "Moacir",
        "Monica",
        "Murad",
        "Nat Bazi",
        "Naufal",
        "Nunes",
        "Pai Anselmi",
        "Patty",
        "Paula Coelho Gyori",
        "Paulo S\u00e9rgio",
        "Pedro Augusto",
        "Pedro Colinas",
        "Pedro Ferreira",
        "Pedro Romagnolli",
        "Pena",
        "P\u00e9ricles",
        "Piaui",
        "Pino",
        "Pipo M\u00e3e (Marisa)",
        "Planta",
        "Poldo",
        "Poldo",
        "Pri",
        "Prof Leandro IA",
        "Rafaa",
        "Rafael Campanelli",
        "Rafael Ito",
        "Regina Bacelar ",
        "Renata",
        "Renata Micali",
        "Renatao",
        "Renatao",
        "Reynaldo Martini",
        "Rica Mack",
        "Ricardo Mattoso Arruda",
        "Rita",
        "Ritchelle",
        "Roberta Macedo Vironda",
        "Roberto",
        "Roberto Vecchia",
        "Robs",
        "Rodrigo Gerber",
        "Ronaldo",
        "Ruy",
        "Salete",
        "Satie",
        "Sergipe",
        "Sielma",
        "Silva",
        "Stella",
        "Stella Fontes",
        "Tatiana Clemonte",
        "Taxi Tranquilidade",
        "Thales",
        "Thatiana Krambeck Nakatsugawa",
        "The Only One Pipan",
        "Theco",
        "Thiago Giacon",
        "Tia Dri",
        "Tia Katia",
        "Tio Beto",
        "Tissiane",
        "Tony",
        "Trabs",
        "Valeria Vironda",
        "V\u00e9io",
        "Vini",
        "Vitor Almeida",
        "Vitor Manuel",
        "Vit\u00f3ria",
        "Well Mack",
        "WhatsApp",
        "Yan",
        "Yumi",
        "Zaga",
        "Z\u00e9 Henrique",
        "Zeti",
        "Marcelo Vironda Rozanti"
    ]
}
